<?xml version="1.0" encoding="UTF-8"?>
<testsuite name="cleanTest.DeleteNoteWhenDoTest" tests="1" skipped="0" failures="0" errors="0" timestamp="2022-10-17T00:30:32" hostname="DESKTOP-C5KQN11" time="47.057">
  <properties/>
  <testcase name="verifyDeleteNewNote()" classname="cleanTest.DeleteNoteWhenDoTest" time="47.057"/>
  <system-out><![CDATA[]]></system-out>
  <system-err><![CDATA[oct. 16, 2022 12:30:43 P. M. io.appium.java_client.remote.AppiumCommandExecutor$1 lambda$0
INFO: Detected dialect: W3C
]]></system-err>
</testsuite>
